<?xml version="1.0" encoding="UTF-8"?>
<!-- Generated by org.testng.reporters.JUnitXMLReporter -->
<testsuite ignored="4" hostname="LAPTOP-7T4UVUQH" failures="0" tests="1" name="Default test" time="5.673" errors="0" timestamp="02 Mar 2021 05:13:36 GMT">
  <testcase classname="com.tests.LoginPageTest" name="Login_lockedOutUser" time="2.084"/>
  <testcase classname="com.tests.LoginPageTest" name="Login_InvalidUser" time="0.0">
    <ignored/>
  </testcase> <!-- Login_InvalidUser -->
  <testcase classname="com.tests.LoginPageTest" name="Login_StandardUser" time="0.0">
    <ignored/>
  </testcase> <!-- Login_StandardUser -->
  <testcase classname="com.tests.LoginPageTest" name="Login_PerformanceGlitchUser" time="0.0">
    <ignored/>
  </testcase> <!-- Login_PerformanceGlitchUser -->
  <testcase classname="com.tests.LoginPageTest" name="Login_problemUser" time="0.0">
    <ignored/>
  </testcase> <!-- Login_problemUser -->
</testsuite> <!-- Default test -->
