<?xml version="1.0" encoding="UTF-8"?>
<testng-results ignored="4" total="5" passed="1" failed="0" skipped="0">
  <reporter-output>
  </reporter-output>
  <suite started-at="2021-03-02T05:13:30Z" name="Default suite" finished-at="2021-03-02T05:13:36Z" duration-ms="5673">
    <groups>
    </groups>
    <test started-at="2021-03-02T05:13:30Z" name="Default test" finished-at="2021-03-02T05:13:36Z" duration-ms="5673">
      <class name="com.tests.LoginPageTest">
        <test-method is-config="true" signature="setUp()[pri:0, instance:com.tests.LoginPageTest@6c2ed0cd]" started-at="2021-03-02T05:13:30Z" name="setUp" finished-at="2021-03-02T05:13:34Z" duration-ms="3561" status="PASS">
          <reporter-output>
          </reporter-output>
        </test-method> <!-- setUp -->
        <test-method signature="Login_lockedOutUser()[pri:0, instance:com.tests.LoginPageTest@6c2ed0cd]" started-at="2021-03-02T05:13:34Z" name="Login_lockedOutUser" finished-at="2021-03-02T05:13:36Z" duration-ms="2084" status="PASS">
          <reporter-output>
          </reporter-output>
        </test-method> <!-- Login_lockedOutUser -->
      </class> <!-- com.tests.LoginPageTest -->
    </test> <!-- Default test -->
  </suite> <!-- Default suite -->
</testng-results>
